<?xml version="1.0" encoding="UTF-8"?>
<testsuite xmlns:xsi="http://www.w3.org/2001/XMLSchema-instance" xsi:noNamespaceSchemaLocation="https://maven.apache.org/surefire/maven-surefire-plugin/xsd/surefire-test-report.xsd" version="3.0.2" name="com.family.tree.media.service.FamilyTreeMedeaServiceApplicationTests" time="3.167" tests="1" errors="0" skipped="0" failures="0">
  <properties>
[...]
</properties>
  <testcase name="contextLoads" classname="com.family.tree.media.service.FamilyTreeMedeaServiceApplicationTests" time="0.302">
    <system-out><![CDATA[19:59:04.475 [main] INFO org.springframework.test.context.support.AnnotationConfigContextLoaderUtils -- Could not detect default configuration classes for test class [com.family.tree.media.service.FamilyTreeMedeaServiceApplicationTests]: FamilyTreeMedeaServiceApplicationTests does not declare any static, non-private, non-final, nested classes annotated with @Configuration.
19:59:04.532 [main] INFO org.springframework.boot.test.context.SpringBootTestContextBootstrapper -- Found @SpringBootConfiguration com.family.tree.media.service.FamilyTreeMedeaServiceApplication for test class com.family.tree.media.service.FamilyTreeMedeaServiceApplicationTests

  .   ____          _            __ _ _
 /\\ / ___'_ __ _ _(_)_ __  __ _ \ \ \ \
( ( )\___ | '_ | '_| | '_ \/ _` | \ \ \ \
 \\/  ___)| |_)| | | | | || (_| |  ) ) ) )
  '  |____| .__|_| |_|_| |_\__, | / / / /
 =========|_|==============|___/=/_/_/_/

 :: Spring Boot ::                (v3.4.5)

2025-06-08T19:59:04.769+05:30  INFO 10771 --- [family-tree-medea-service] [           main] s.FamilyTreeMedeaServiceApplicationTests : Starting FamilyTreeMedeaServiceApplicationTests using Java 21.0.7 with PID 10771 (started by mac in /Users/mac/Projects/Family Tree/family-duniya-media-service)
2025-06-08T19:59:04.771+05:30  INFO 10771 --- [family-tree-medea-service] [           main] s.FamilyTreeMedeaServiceApplicationTests : No active profile set, falling back to 1 default profile: "default"
2025-06-08T19:59:05.082+05:30  INFO 10771 --- [family-tree-medea-service] [           main] .s.d.r.c.RepositoryConfigurationDelegate : Bootstrapping Spring Data JPA repositories in DEFAULT mode.
2025-06-08T19:59:05.106+05:30  INFO 10771 --- [family-tree-medea-service] [           main] .s.d.r.c.RepositoryConfigurationDelegate : Finished Spring Data repository scanning in 19 ms. Found 1 JPA repository interface.
2025-06-08T19:59:05.302+05:30  INFO 10771 --- [family-tree-medea-service] [           main] o.hibernate.jpa.internal.util.LogHelper  : HHH000204: Processing PersistenceUnitInfo [name: default]
2025-06-08T19:59:05.333+05:30  INFO 10771 --- [family-tree-medea-service] [           main] org.hibernate.Version                    : HHH000412: Hibernate ORM core version 6.6.13.Final
2025-06-08T19:59:05.351+05:30  INFO 10771 --- [family-tree-medea-service] [           main] o.h.c.internal.RegionFactoryInitiator    : HHH000026: Second-level cache disabled
2025-06-08T19:59:05.485+05:30  INFO 10771 --- [family-tree-medea-service] [           main] o.s.o.j.p.SpringPersistenceUnitInfo      : No LoadTimeWeaver setup: ignoring JPA class transformer
2025-06-08T19:59:05.498+05:30  INFO 10771 --- [family-tree-medea-service] [           main] com.zaxxer.hikari.HikariDataSource       : HikariPool-1 - Starting...
2025-06-08T19:59:05.575+05:30  INFO 10771 --- [family-tree-medea-service] [           main] com.zaxxer.hikari.pool.HikariPool        : HikariPool-1 - Added connection org.postgresql.jdbc.PgConnection@1657b017
2025-06-08T19:59:05.576+05:30  INFO 10771 --- [family-tree-medea-service] [           main] com.zaxxer.hikari.HikariDataSource       : HikariPool-1 - Start completed.
2025-06-08T19:59:05.607+05:30  WARN 10771 --- [family-tree-medea-service] [           main] org.hibernate.orm.deprecation            : HHH90000025: PostgreSQLDialect does not need to be specified explicitly using 'hibernate.dialect' (remove the property setting and it will be selected by default)
2025-06-08T19:59:05.618+05:30  INFO 10771 --- [family-tree-medea-service] [           main] org.hibernate.orm.connections.pooling    : HHH10001005: Database info:
	Database JDBC URL [Connecting through datasource 'HikariDataSource (HikariPool-1)']
	Database driver: undefined/unknown
	Database version: 14.18
	Autocommit mode: undefined/unknown
	Isolation level: undefined/unknown
	Minimum pool size: undefined/unknown
	Maximum pool size: undefined/unknown
2025-06-08T19:59:06.130+05:30  INFO 10771 --- [family-tree-medea-service] [           main] o.h.e.t.j.p.i.JtaPlatformInitiator       : HHH000489: No JTA platform available (set 'hibernate.transaction.jta.platform' to enable JTA platform integration)
2025-06-08T19:59:06.629+05:30  INFO 10771 --- [family-tree-medea-service] [           main] j.LocalContainerEntityManagerFactoryBean : Initialized JPA EntityManagerFactory for persistence unit 'default'
2025-06-08T19:59:07.091+05:30  WARN 10771 --- [family-tree-medea-service] [           main] JpaBaseConfiguration$JpaWebConfiguration : spring.jpa.open-in-view is enabled by default. Therefore, database queries may be performed during view rendering. Explicitly configure spring.jpa.open-in-view to disable this warning
2025-06-08T19:59:07.256+05:30  INFO 10771 --- [family-tree-medea-service] [           main] s.FamilyTreeMedeaServiceApplicationTests : Started FamilyTreeMedeaServiceApplicationTests in 2.657 seconds (process running for 3.111)
]]></system-out>
    <system-err><![CDATA[SLF4J(W): Class path contains multiple SLF4J providers.
SLF4J(W): Found provider [ch.qos.logback.classic.spi.LogbackServiceProvider@69453e37]
SLF4J(W): Found provider [org.apache.logging.slf4j.SLF4JServiceProvider@6f4a47c7]
SLF4J(W): See https://www.slf4j.org/codes.html#multiple_bindings for an explanation.
SLF4J(I): Actual provider is of type [ch.qos.logback.classic.spi.LogbackServiceProvider@69453e37]
Mockito is currently self-attaching to enable the inline-mock-maker. This will no longer work in future releases of the JDK. Please add Mockito as an agent to your build what is described in Mockito's documentation: https://javadoc.io/doc/org.mockito/mockito-core/latest/org/mockito/Mockito.html#0.3
WARNING: A Java agent has been loaded dynamically (/Users/mac/.m2/repository/net/bytebuddy/byte-buddy-agent/1.15.11/byte-buddy-agent-1.15.11.jar)
WARNING: If a serviceability tool is in use, please run with -XX:+EnableDynamicAgentLoading to hide this warning
WARNING: If a serviceability tool is not in use, please run with -Djdk.instrument.traceUsage for more information
WARNING: Dynamic loading of agents will be disallowed by default in a future release
]]></system-err>
  </testcase>
</testsuite>